\BOOKMARK [1][-]{section.1}{INTRODUCTION}{}% 1
\BOOKMARK [1][-]{section.2}{DECENTRALIZED APPLICATIONS}{}% 2
\BOOKMARK [2][-]{subsection.2.1}{Ethereum blockchain}{section.2}% 3
\BOOKMARK [2][-]{subsection.2.2}{IPFS and OrbitDB}{section.2}% 4
\BOOKMARK [2][-]{subsection.2.3}{Decentralized applications development}{section.2}% 5
\BOOKMARK [1][-]{section.3}{THE CRYPTO-SPATIAL FRAMEWORK}{}% 6
\BOOKMARK [2][-]{subsection.3.1}{Framework Design}{section.3}% 7
\BOOKMARK [3][-]{subsubsection.3.1.1}{CSFeature}{subsection.3.1}% 8
\BOOKMARK [3][-]{subsubsection.3.1.2}{CSFeatureRegistry}{subsection.3.1}% 9
\BOOKMARK [2][-]{subsection.3.2}{Solidity Implementation}{section.3}% 10
\BOOKMARK [2][-]{subsection.3.3}{Security issues and design patterns}{section.3}% 11
\BOOKMARK [3][-]{subsubsection.3.3.1}{Security issues mitigation}{subsection.3.3}% 12
\BOOKMARK [3][-]{subsubsection.3.3.2}{Design patterns}{subsection.3.3}% 13
\BOOKMARK [1][-]{section.4}{DECENTRALIZED APPLICATIONS}{}% 14
\BOOKMARK [2][-]{subsection.4.1}{Geospatial dApps Architecture}{section.4}% 15
\BOOKMARK [2][-]{subsection.4.2}{Decentralized land administration \(DeLA\)}{section.4}% 16
\BOOKMARK [1][-]{section.5}{BLOCKCHAIN BUSINESS MODELS}{}% 17
\BOOKMARK [2][-]{subsection.5.1}{Developement plateform}{section.5}% 18
\BOOKMARK [2][-]{subsection.5.2}{Blockchain as a service \(BaaS\)}{section.5}% 19
\BOOKMARK [2][-]{subsection.5.3}{Blockchain based Software products}{section.5}% 20
\BOOKMARK [1][-]{section.6}{CONCLUSION}{}% 21
